INFO [2021-05-26 14:32:19] [[1]]
INFO [2021-05-26 14:32:19] inner_list
INFO [2021-05-26 14:32:19] 
INFO [2021-05-26 14:32:19] $fill
INFO [2021-05-26 14:32:19] my_fill
INFO [2021-05-26 14:32:19] 
INFO [2021-05-26 14:32:19] $alpha
INFO [2021-05-26 14:32:19] [1] 0.3
INFO [2021-05-26 14:32:19] 
INFO [2021-05-26 14:32:19] $filename
INFO [2021-05-26 14:32:19] Venn_file
INFO [2021-05-26 14:32:19] 
INFO [2021-05-26 14:32:19] $margin
INFO [2021-05-26 14:32:19] [1] 0.05
INFO [2021-05-26 14:32:19] 
INFO [2021-05-26 14:32:19] $main
INFO [2021-05-26 14:32:19] Venn_title
INFO [2021-05-26 14:32:19] 
INFO [2021-05-26 14:32:19] $main.cex
INFO [2021-05-26 14:32:19] [1] 1.5
INFO [2021-05-26 14:32:19] 
INFO [2021-05-26 14:32:19] $main.fontface
INFO [2021-05-26 14:32:19] [1] "bold"
INFO [2021-05-26 14:32:19] 
INFO [2021-05-26 14:32:19] $main.fontfamily
INFO [2021-05-26 14:32:19] [1] "sans"
INFO [2021-05-26 14:32:19] 
INFO [2021-05-26 14:32:19] $main.pos
INFO [2021-05-26 14:32:19] c(0.5, 1.05)
INFO [2021-05-26 14:32:19] 
