INFO [2021-05-26 14:32:18] [[1]]
INFO [2021-05-26 14:32:18] inner_list
INFO [2021-05-26 14:32:18] 
INFO [2021-05-26 14:32:18] $fill
INFO [2021-05-26 14:32:18] my_fill
INFO [2021-05-26 14:32:18] 
INFO [2021-05-26 14:32:18] $alpha
INFO [2021-05-26 14:32:18] [1] 0.3
INFO [2021-05-26 14:32:18] 
INFO [2021-05-26 14:32:18] $filename
INFO [2021-05-26 14:32:18] Venn_file
INFO [2021-05-26 14:32:18] 
INFO [2021-05-26 14:32:18] $margin
INFO [2021-05-26 14:32:18] [1] 0.05
INFO [2021-05-26 14:32:18] 
INFO [2021-05-26 14:32:18] $main
INFO [2021-05-26 14:32:18] Venn_title
INFO [2021-05-26 14:32:18] 
INFO [2021-05-26 14:32:18] $main.cex
INFO [2021-05-26 14:32:18] [1] 1.5
INFO [2021-05-26 14:32:18] 
INFO [2021-05-26 14:32:18] $main.fontface
INFO [2021-05-26 14:32:18] [1] "bold"
INFO [2021-05-26 14:32:18] 
INFO [2021-05-26 14:32:18] $main.fontfamily
INFO [2021-05-26 14:32:18] [1] "sans"
INFO [2021-05-26 14:32:18] 
INFO [2021-05-26 14:32:18] $main.pos
INFO [2021-05-26 14:32:18] c(0.5, 1.05)
INFO [2021-05-26 14:32:18] 
