INFO [2021-05-24 12:47:44] [[1]]
INFO [2021-05-24 12:47:44] inner_list
INFO [2021-05-24 12:47:44] 
INFO [2021-05-24 12:47:44] $fill
INFO [2021-05-24 12:47:44] my_fill
INFO [2021-05-24 12:47:44] 
INFO [2021-05-24 12:47:44] $alpha
INFO [2021-05-24 12:47:44] [1] 0.3
INFO [2021-05-24 12:47:44] 
INFO [2021-05-24 12:47:44] $filename
INFO [2021-05-24 12:47:44] Venn_file
INFO [2021-05-24 12:47:44] 
INFO [2021-05-24 12:47:44] $margin
INFO [2021-05-24 12:47:44] [1] 0.05
INFO [2021-05-24 12:47:44] 
INFO [2021-05-24 12:47:44] $main
INFO [2021-05-24 12:47:44] Venn_title
INFO [2021-05-24 12:47:44] 
INFO [2021-05-24 12:47:44] $main.cex
INFO [2021-05-24 12:47:44] [1] 1.5
INFO [2021-05-24 12:47:44] 
INFO [2021-05-24 12:47:44] $main.fontface
INFO [2021-05-24 12:47:44] [1] "bold"
INFO [2021-05-24 12:47:44] 
INFO [2021-05-24 12:47:44] $main.fontfamily
INFO [2021-05-24 12:47:44] [1] "sans"
INFO [2021-05-24 12:47:44] 
INFO [2021-05-24 12:47:44] $main.pos
INFO [2021-05-24 12:47:44] c(0.5, 1.05)
INFO [2021-05-24 12:47:44] 
