INFO [2021-05-24 12:47:50] [[1]]
INFO [2021-05-24 12:47:50] inner_list
INFO [2021-05-24 12:47:50] 
INFO [2021-05-24 12:47:50] $fill
INFO [2021-05-24 12:47:50] my_fill
INFO [2021-05-24 12:47:50] 
INFO [2021-05-24 12:47:50] $alpha
INFO [2021-05-24 12:47:50] [1] 0.3
INFO [2021-05-24 12:47:50] 
INFO [2021-05-24 12:47:50] $filename
INFO [2021-05-24 12:47:50] Venn_file
INFO [2021-05-24 12:47:50] 
INFO [2021-05-24 12:47:50] $margin
INFO [2021-05-24 12:47:50] [1] 0.05
INFO [2021-05-24 12:47:50] 
INFO [2021-05-24 12:47:50] $main
INFO [2021-05-24 12:47:50] Venn_title
INFO [2021-05-24 12:47:50] 
INFO [2021-05-24 12:47:50] $main.cex
INFO [2021-05-24 12:47:50] [1] 1.5
INFO [2021-05-24 12:47:50] 
INFO [2021-05-24 12:47:50] $main.fontface
INFO [2021-05-24 12:47:50] [1] "bold"
INFO [2021-05-24 12:47:50] 
INFO [2021-05-24 12:47:50] $main.fontfamily
INFO [2021-05-24 12:47:50] [1] "sans"
INFO [2021-05-24 12:47:50] 
INFO [2021-05-24 12:47:50] $main.pos
INFO [2021-05-24 12:47:50] c(0.5, 1.05)
INFO [2021-05-24 12:47:50] 
