INFO [2021-05-26 15:18:39] [[1]]
INFO [2021-05-26 15:18:39] inner_list
INFO [2021-05-26 15:18:39] 
INFO [2021-05-26 15:18:39] $fill
INFO [2021-05-26 15:18:39] my_fill
INFO [2021-05-26 15:18:39] 
INFO [2021-05-26 15:18:39] $alpha
INFO [2021-05-26 15:18:39] [1] 0.3
INFO [2021-05-26 15:18:39] 
INFO [2021-05-26 15:18:39] $filename
INFO [2021-05-26 15:18:39] Venn_file
INFO [2021-05-26 15:18:39] 
INFO [2021-05-26 15:18:39] $margin
INFO [2021-05-26 15:18:39] [1] 0.05
INFO [2021-05-26 15:18:39] 
INFO [2021-05-26 15:18:39] $main
INFO [2021-05-26 15:18:39] Venn_title
INFO [2021-05-26 15:18:39] 
INFO [2021-05-26 15:18:39] $main.cex
INFO [2021-05-26 15:18:39] [1] 1.5
INFO [2021-05-26 15:18:39] 
INFO [2021-05-26 15:18:39] $main.fontface
INFO [2021-05-26 15:18:39] [1] "bold"
INFO [2021-05-26 15:18:39] 
INFO [2021-05-26 15:18:39] $main.fontfamily
INFO [2021-05-26 15:18:39] [1] "sans"
INFO [2021-05-26 15:18:39] 
INFO [2021-05-26 15:18:39] $main.pos
INFO [2021-05-26 15:18:39] c(0.5, 1.05)
INFO [2021-05-26 15:18:39] 
