INFO [2021-05-23 12:34:04] [[1]]
INFO [2021-05-23 12:34:04] inner_list
INFO [2021-05-23 12:34:04] 
INFO [2021-05-23 12:34:04] $fill
INFO [2021-05-23 12:34:04] my_fill
INFO [2021-05-23 12:34:04] 
INFO [2021-05-23 12:34:04] $alpha
INFO [2021-05-23 12:34:04] [1] 0.3
INFO [2021-05-23 12:34:04] 
INFO [2021-05-23 12:34:04] $filename
INFO [2021-05-23 12:34:04] Venn_file
INFO [2021-05-23 12:34:04] 
INFO [2021-05-23 12:34:04] $margin
INFO [2021-05-23 12:34:04] [1] 0.05
INFO [2021-05-23 12:34:04] 
INFO [2021-05-23 12:34:04] $main
INFO [2021-05-23 12:34:04] Venn_title
INFO [2021-05-23 12:34:04] 
INFO [2021-05-23 12:34:04] $main.cex
INFO [2021-05-23 12:34:04] [1] 1.5
INFO [2021-05-23 12:34:04] 
INFO [2021-05-23 12:34:04] $main.fontface
INFO [2021-05-23 12:34:04] [1] "bold"
INFO [2021-05-23 12:34:04] 
INFO [2021-05-23 12:34:04] $main.fontfamily
INFO [2021-05-23 12:34:04] [1] "sans"
INFO [2021-05-23 12:34:04] 
INFO [2021-05-23 12:34:04] $main.pos
INFO [2021-05-23 12:34:04] c(0.5, 1.05)
INFO [2021-05-23 12:34:04] 
