INFO [2021-05-26 14:32:21] [[1]]
INFO [2021-05-26 14:32:21] inner_list
INFO [2021-05-26 14:32:21] 
INFO [2021-05-26 14:32:21] $fill
INFO [2021-05-26 14:32:21] my_fill
INFO [2021-05-26 14:32:21] 
INFO [2021-05-26 14:32:21] $alpha
INFO [2021-05-26 14:32:21] [1] 0.3
INFO [2021-05-26 14:32:21] 
INFO [2021-05-26 14:32:21] $filename
INFO [2021-05-26 14:32:21] Venn_file
INFO [2021-05-26 14:32:21] 
INFO [2021-05-26 14:32:21] $margin
INFO [2021-05-26 14:32:21] [1] 0.05
INFO [2021-05-26 14:32:21] 
INFO [2021-05-26 14:32:21] $main
INFO [2021-05-26 14:32:21] Venn_title
INFO [2021-05-26 14:32:21] 
INFO [2021-05-26 14:32:21] $main.cex
INFO [2021-05-26 14:32:21] [1] 1.5
INFO [2021-05-26 14:32:21] 
INFO [2021-05-26 14:32:21] $main.fontface
INFO [2021-05-26 14:32:21] [1] "bold"
INFO [2021-05-26 14:32:21] 
INFO [2021-05-26 14:32:21] $main.fontfamily
INFO [2021-05-26 14:32:21] [1] "sans"
INFO [2021-05-26 14:32:21] 
INFO [2021-05-26 14:32:21] $main.pos
INFO [2021-05-26 14:32:21] c(0.5, 1.05)
INFO [2021-05-26 14:32:21] 
