INFO [2021-05-24 12:47:46] [[1]]
INFO [2021-05-24 12:47:46] inner_list
INFO [2021-05-24 12:47:46] 
INFO [2021-05-24 12:47:46] $fill
INFO [2021-05-24 12:47:46] my_fill
INFO [2021-05-24 12:47:46] 
INFO [2021-05-24 12:47:46] $alpha
INFO [2021-05-24 12:47:46] [1] 0.3
INFO [2021-05-24 12:47:46] 
INFO [2021-05-24 12:47:46] $filename
INFO [2021-05-24 12:47:46] Venn_file
INFO [2021-05-24 12:47:46] 
INFO [2021-05-24 12:47:46] $margin
INFO [2021-05-24 12:47:46] [1] 0.05
INFO [2021-05-24 12:47:46] 
INFO [2021-05-24 12:47:46] $main
INFO [2021-05-24 12:47:46] Venn_title
INFO [2021-05-24 12:47:46] 
INFO [2021-05-24 12:47:46] $main.cex
INFO [2021-05-24 12:47:46] [1] 1.5
INFO [2021-05-24 12:47:46] 
INFO [2021-05-24 12:47:46] $main.fontface
INFO [2021-05-24 12:47:46] [1] "bold"
INFO [2021-05-24 12:47:46] 
INFO [2021-05-24 12:47:46] $main.fontfamily
INFO [2021-05-24 12:47:46] [1] "sans"
INFO [2021-05-24 12:47:46] 
INFO [2021-05-24 12:47:46] $main.pos
INFO [2021-05-24 12:47:46] c(0.5, 1.05)
INFO [2021-05-24 12:47:46] 
