INFO [2021-05-26 15:18:37] [[1]]
INFO [2021-05-26 15:18:37] inner_list
INFO [2021-05-26 15:18:37] 
INFO [2021-05-26 15:18:37] $fill
INFO [2021-05-26 15:18:37] my_fill
INFO [2021-05-26 15:18:37] 
INFO [2021-05-26 15:18:37] $alpha
INFO [2021-05-26 15:18:37] [1] 0.3
INFO [2021-05-26 15:18:37] 
INFO [2021-05-26 15:18:37] $filename
INFO [2021-05-26 15:18:37] Venn_file
INFO [2021-05-26 15:18:37] 
INFO [2021-05-26 15:18:37] $margin
INFO [2021-05-26 15:18:37] [1] 0.05
INFO [2021-05-26 15:18:37] 
INFO [2021-05-26 15:18:37] $main
INFO [2021-05-26 15:18:37] Venn_title
INFO [2021-05-26 15:18:37] 
INFO [2021-05-26 15:18:37] $main.cex
INFO [2021-05-26 15:18:37] [1] 1.5
INFO [2021-05-26 15:18:37] 
INFO [2021-05-26 15:18:37] $main.fontface
INFO [2021-05-26 15:18:37] [1] "bold"
INFO [2021-05-26 15:18:37] 
INFO [2021-05-26 15:18:37] $main.fontfamily
INFO [2021-05-26 15:18:37] [1] "sans"
INFO [2021-05-26 15:18:37] 
INFO [2021-05-26 15:18:37] $main.pos
INFO [2021-05-26 15:18:37] c(0.5, 1.05)
INFO [2021-05-26 15:18:37] 
