INFO [2021-05-23 12:34:08] [[1]]
INFO [2021-05-23 12:34:08] inner_list
INFO [2021-05-23 12:34:08] 
INFO [2021-05-23 12:34:08] $fill
INFO [2021-05-23 12:34:08] my_fill
INFO [2021-05-23 12:34:08] 
INFO [2021-05-23 12:34:08] $alpha
INFO [2021-05-23 12:34:08] [1] 0.3
INFO [2021-05-23 12:34:08] 
INFO [2021-05-23 12:34:08] $filename
INFO [2021-05-23 12:34:08] Venn_file
INFO [2021-05-23 12:34:08] 
INFO [2021-05-23 12:34:08] $margin
INFO [2021-05-23 12:34:08] [1] 0.05
INFO [2021-05-23 12:34:08] 
INFO [2021-05-23 12:34:08] $main
INFO [2021-05-23 12:34:08] Venn_title
INFO [2021-05-23 12:34:08] 
INFO [2021-05-23 12:34:08] $main.cex
INFO [2021-05-23 12:34:08] [1] 1.5
INFO [2021-05-23 12:34:08] 
INFO [2021-05-23 12:34:08] $main.fontface
INFO [2021-05-23 12:34:08] [1] "bold"
INFO [2021-05-23 12:34:08] 
INFO [2021-05-23 12:34:08] $main.fontfamily
INFO [2021-05-23 12:34:08] [1] "sans"
INFO [2021-05-23 12:34:08] 
INFO [2021-05-23 12:34:08] $main.pos
INFO [2021-05-23 12:34:08] c(0.5, 1.05)
INFO [2021-05-23 12:34:08] 
