INFO [2021-05-24 12:47:47] [[1]]
INFO [2021-05-24 12:47:47] inner_list
INFO [2021-05-24 12:47:47] 
INFO [2021-05-24 12:47:47] $fill
INFO [2021-05-24 12:47:47] my_fill
INFO [2021-05-24 12:47:47] 
INFO [2021-05-24 12:47:47] $alpha
INFO [2021-05-24 12:47:47] [1] 0.3
INFO [2021-05-24 12:47:47] 
INFO [2021-05-24 12:47:47] $filename
INFO [2021-05-24 12:47:47] Venn_file
INFO [2021-05-24 12:47:47] 
INFO [2021-05-24 12:47:47] $margin
INFO [2021-05-24 12:47:47] [1] 0.05
INFO [2021-05-24 12:47:47] 
INFO [2021-05-24 12:47:47] $main
INFO [2021-05-24 12:47:47] Venn_title
INFO [2021-05-24 12:47:47] 
INFO [2021-05-24 12:47:47] $main.cex
INFO [2021-05-24 12:47:47] [1] 1.5
INFO [2021-05-24 12:47:47] 
INFO [2021-05-24 12:47:47] $main.fontface
INFO [2021-05-24 12:47:47] [1] "bold"
INFO [2021-05-24 12:47:47] 
INFO [2021-05-24 12:47:47] $main.fontfamily
INFO [2021-05-24 12:47:47] [1] "sans"
INFO [2021-05-24 12:47:47] 
INFO [2021-05-24 12:47:47] $main.pos
INFO [2021-05-24 12:47:47] c(0.5, 1.05)
INFO [2021-05-24 12:47:47] 
