INFO [2021-05-23 12:34:03] [[1]]
INFO [2021-05-23 12:34:03] inner_list
INFO [2021-05-23 12:34:03] 
INFO [2021-05-23 12:34:03] $fill
INFO [2021-05-23 12:34:03] my_fill
INFO [2021-05-23 12:34:03] 
INFO [2021-05-23 12:34:03] $alpha
INFO [2021-05-23 12:34:03] [1] 0.3
INFO [2021-05-23 12:34:03] 
INFO [2021-05-23 12:34:03] $filename
INFO [2021-05-23 12:34:03] Venn_file
INFO [2021-05-23 12:34:03] 
INFO [2021-05-23 12:34:03] $margin
INFO [2021-05-23 12:34:03] [1] 0.05
INFO [2021-05-23 12:34:03] 
INFO [2021-05-23 12:34:03] $main
INFO [2021-05-23 12:34:03] Venn_title
INFO [2021-05-23 12:34:03] 
INFO [2021-05-23 12:34:03] $main.cex
INFO [2021-05-23 12:34:03] [1] 1.5
INFO [2021-05-23 12:34:03] 
INFO [2021-05-23 12:34:03] $main.fontface
INFO [2021-05-23 12:34:03] [1] "bold"
INFO [2021-05-23 12:34:03] 
INFO [2021-05-23 12:34:03] $main.fontfamily
INFO [2021-05-23 12:34:03] [1] "sans"
INFO [2021-05-23 12:34:03] 
INFO [2021-05-23 12:34:03] $main.pos
INFO [2021-05-23 12:34:03] c(0.5, 1.05)
INFO [2021-05-23 12:34:03] 
