INFO [2021-05-23 12:34:07] [[1]]
INFO [2021-05-23 12:34:07] inner_list
INFO [2021-05-23 12:34:07] 
INFO [2021-05-23 12:34:07] $fill
INFO [2021-05-23 12:34:07] my_fill
INFO [2021-05-23 12:34:07] 
INFO [2021-05-23 12:34:07] $alpha
INFO [2021-05-23 12:34:07] [1] 0.3
INFO [2021-05-23 12:34:07] 
INFO [2021-05-23 12:34:07] $filename
INFO [2021-05-23 12:34:07] Venn_file
INFO [2021-05-23 12:34:07] 
INFO [2021-05-23 12:34:07] $margin
INFO [2021-05-23 12:34:07] [1] 0.05
INFO [2021-05-23 12:34:07] 
INFO [2021-05-23 12:34:07] $main
INFO [2021-05-23 12:34:07] Venn_title
INFO [2021-05-23 12:34:07] 
INFO [2021-05-23 12:34:07] $main.cex
INFO [2021-05-23 12:34:07] [1] 1.5
INFO [2021-05-23 12:34:07] 
INFO [2021-05-23 12:34:07] $main.fontface
INFO [2021-05-23 12:34:07] [1] "bold"
INFO [2021-05-23 12:34:07] 
INFO [2021-05-23 12:34:07] $main.fontfamily
INFO [2021-05-23 12:34:07] [1] "sans"
INFO [2021-05-23 12:34:07] 
INFO [2021-05-23 12:34:07] $main.pos
INFO [2021-05-23 12:34:07] c(0.5, 1.05)
INFO [2021-05-23 12:34:07] 
