INFO [2021-05-23 12:34:09] [[1]]
INFO [2021-05-23 12:34:09] inner_list
INFO [2021-05-23 12:34:09] 
INFO [2021-05-23 12:34:09] $fill
INFO [2021-05-23 12:34:09] my_fill
INFO [2021-05-23 12:34:09] 
INFO [2021-05-23 12:34:09] $alpha
INFO [2021-05-23 12:34:09] [1] 0.3
INFO [2021-05-23 12:34:09] 
INFO [2021-05-23 12:34:09] $filename
INFO [2021-05-23 12:34:09] Venn_file
INFO [2021-05-23 12:34:09] 
INFO [2021-05-23 12:34:09] $margin
INFO [2021-05-23 12:34:09] [1] 0.05
INFO [2021-05-23 12:34:09] 
INFO [2021-05-23 12:34:09] $main
INFO [2021-05-23 12:34:09] Venn_title
INFO [2021-05-23 12:34:09] 
INFO [2021-05-23 12:34:09] $main.cex
INFO [2021-05-23 12:34:09] [1] 1.5
INFO [2021-05-23 12:34:09] 
INFO [2021-05-23 12:34:09] $main.fontface
INFO [2021-05-23 12:34:09] [1] "bold"
INFO [2021-05-23 12:34:09] 
INFO [2021-05-23 12:34:09] $main.fontfamily
INFO [2021-05-23 12:34:09] [1] "sans"
INFO [2021-05-23 12:34:09] 
INFO [2021-05-23 12:34:09] $main.pos
INFO [2021-05-23 12:34:09] c(0.5, 1.05)
INFO [2021-05-23 12:34:09] 
