INFO [2021-05-24 12:47:48] [[1]]
INFO [2021-05-24 12:47:48] inner_list
INFO [2021-05-24 12:47:48] 
INFO [2021-05-24 12:47:48] $fill
INFO [2021-05-24 12:47:48] my_fill
INFO [2021-05-24 12:47:48] 
INFO [2021-05-24 12:47:48] $alpha
INFO [2021-05-24 12:47:48] [1] 0.3
INFO [2021-05-24 12:47:48] 
INFO [2021-05-24 12:47:48] $filename
INFO [2021-05-24 12:47:48] Venn_file
INFO [2021-05-24 12:47:48] 
INFO [2021-05-24 12:47:48] $margin
INFO [2021-05-24 12:47:48] [1] 0.05
INFO [2021-05-24 12:47:48] 
INFO [2021-05-24 12:47:48] $main
INFO [2021-05-24 12:47:48] Venn_title
INFO [2021-05-24 12:47:48] 
INFO [2021-05-24 12:47:48] $main.cex
INFO [2021-05-24 12:47:48] [1] 1.5
INFO [2021-05-24 12:47:48] 
INFO [2021-05-24 12:47:48] $main.fontface
INFO [2021-05-24 12:47:48] [1] "bold"
INFO [2021-05-24 12:47:48] 
INFO [2021-05-24 12:47:48] $main.fontfamily
INFO [2021-05-24 12:47:48] [1] "sans"
INFO [2021-05-24 12:47:48] 
INFO [2021-05-24 12:47:48] $main.pos
INFO [2021-05-24 12:47:48] c(0.5, 1.05)
INFO [2021-05-24 12:47:48] 
