INFO [2021-05-23 12:34:05] [[1]]
INFO [2021-05-23 12:34:05] inner_list
INFO [2021-05-23 12:34:05] 
INFO [2021-05-23 12:34:05] $fill
INFO [2021-05-23 12:34:05] my_fill
INFO [2021-05-23 12:34:05] 
INFO [2021-05-23 12:34:05] $alpha
INFO [2021-05-23 12:34:05] [1] 0.3
INFO [2021-05-23 12:34:05] 
INFO [2021-05-23 12:34:05] $filename
INFO [2021-05-23 12:34:05] Venn_file
INFO [2021-05-23 12:34:05] 
INFO [2021-05-23 12:34:05] $margin
INFO [2021-05-23 12:34:05] [1] 0.05
INFO [2021-05-23 12:34:05] 
INFO [2021-05-23 12:34:05] $main
INFO [2021-05-23 12:34:05] Venn_title
INFO [2021-05-23 12:34:05] 
INFO [2021-05-23 12:34:05] $main.cex
INFO [2021-05-23 12:34:05] [1] 1.5
INFO [2021-05-23 12:34:05] 
INFO [2021-05-23 12:34:05] $main.fontface
INFO [2021-05-23 12:34:05] [1] "bold"
INFO [2021-05-23 12:34:05] 
INFO [2021-05-23 12:34:05] $main.fontfamily
INFO [2021-05-23 12:34:05] [1] "sans"
INFO [2021-05-23 12:34:05] 
INFO [2021-05-23 12:34:05] $main.pos
INFO [2021-05-23 12:34:05] c(0.5, 1.05)
INFO [2021-05-23 12:34:05] 
