INFO [2021-05-26 15:18:38] [[1]]
INFO [2021-05-26 15:18:38] inner_list
INFO [2021-05-26 15:18:38] 
INFO [2021-05-26 15:18:38] $fill
INFO [2021-05-26 15:18:38] my_fill
INFO [2021-05-26 15:18:38] 
INFO [2021-05-26 15:18:38] $alpha
INFO [2021-05-26 15:18:38] [1] 0.3
INFO [2021-05-26 15:18:38] 
INFO [2021-05-26 15:18:38] $filename
INFO [2021-05-26 15:18:38] Venn_file
INFO [2021-05-26 15:18:38] 
INFO [2021-05-26 15:18:38] $margin
INFO [2021-05-26 15:18:38] [1] 0.05
INFO [2021-05-26 15:18:38] 
INFO [2021-05-26 15:18:38] $main
INFO [2021-05-26 15:18:38] Venn_title
INFO [2021-05-26 15:18:38] 
INFO [2021-05-26 15:18:38] $main.cex
INFO [2021-05-26 15:18:38] [1] 1.5
INFO [2021-05-26 15:18:38] 
INFO [2021-05-26 15:18:38] $main.fontface
INFO [2021-05-26 15:18:38] [1] "bold"
INFO [2021-05-26 15:18:38] 
INFO [2021-05-26 15:18:38] $main.fontfamily
INFO [2021-05-26 15:18:38] [1] "sans"
INFO [2021-05-26 15:18:38] 
INFO [2021-05-26 15:18:38] $main.pos
INFO [2021-05-26 15:18:38] c(0.5, 1.05)
INFO [2021-05-26 15:18:38] 
