INFO [2021-05-23 12:34:06] [[1]]
INFO [2021-05-23 12:34:06] inner_list
INFO [2021-05-23 12:34:06] 
INFO [2021-05-23 12:34:06] $fill
INFO [2021-05-23 12:34:06] my_fill
INFO [2021-05-23 12:34:06] 
INFO [2021-05-23 12:34:06] $alpha
INFO [2021-05-23 12:34:06] [1] 0.3
INFO [2021-05-23 12:34:06] 
INFO [2021-05-23 12:34:06] $filename
INFO [2021-05-23 12:34:06] Venn_file
INFO [2021-05-23 12:34:06] 
INFO [2021-05-23 12:34:06] $margin
INFO [2021-05-23 12:34:06] [1] 0.05
INFO [2021-05-23 12:34:06] 
INFO [2021-05-23 12:34:06] $main
INFO [2021-05-23 12:34:06] Venn_title
INFO [2021-05-23 12:34:06] 
INFO [2021-05-23 12:34:06] $main.cex
INFO [2021-05-23 12:34:06] [1] 1.5
INFO [2021-05-23 12:34:06] 
INFO [2021-05-23 12:34:06] $main.fontface
INFO [2021-05-23 12:34:06] [1] "bold"
INFO [2021-05-23 12:34:06] 
INFO [2021-05-23 12:34:06] $main.fontfamily
INFO [2021-05-23 12:34:06] [1] "sans"
INFO [2021-05-23 12:34:06] 
INFO [2021-05-23 12:34:06] $main.pos
INFO [2021-05-23 12:34:06] c(0.5, 1.05)
INFO [2021-05-23 12:34:06] 
