INFO [2021-05-24 12:47:49] [[1]]
INFO [2021-05-24 12:47:49] inner_list
INFO [2021-05-24 12:47:49] 
INFO [2021-05-24 12:47:49] $fill
INFO [2021-05-24 12:47:49] my_fill
INFO [2021-05-24 12:47:49] 
INFO [2021-05-24 12:47:49] $alpha
INFO [2021-05-24 12:47:49] [1] 0.3
INFO [2021-05-24 12:47:49] 
INFO [2021-05-24 12:47:49] $filename
INFO [2021-05-24 12:47:49] Venn_file
INFO [2021-05-24 12:47:49] 
INFO [2021-05-24 12:47:49] $margin
INFO [2021-05-24 12:47:49] [1] 0.05
INFO [2021-05-24 12:47:49] 
INFO [2021-05-24 12:47:49] $main
INFO [2021-05-24 12:47:49] Venn_title
INFO [2021-05-24 12:47:49] 
INFO [2021-05-24 12:47:49] $main.cex
INFO [2021-05-24 12:47:49] [1] 1.5
INFO [2021-05-24 12:47:49] 
INFO [2021-05-24 12:47:49] $main.fontface
INFO [2021-05-24 12:47:49] [1] "bold"
INFO [2021-05-24 12:47:49] 
INFO [2021-05-24 12:47:49] $main.fontfamily
INFO [2021-05-24 12:47:49] [1] "sans"
INFO [2021-05-24 12:47:49] 
INFO [2021-05-24 12:47:49] $main.pos
INFO [2021-05-24 12:47:49] c(0.5, 1.05)
INFO [2021-05-24 12:47:49] 
