INFO [2021-05-26 14:32:20] [[1]]
INFO [2021-05-26 14:32:20] inner_list
INFO [2021-05-26 14:32:20] 
INFO [2021-05-26 14:32:20] $fill
INFO [2021-05-26 14:32:20] my_fill
INFO [2021-05-26 14:32:20] 
INFO [2021-05-26 14:32:20] $alpha
INFO [2021-05-26 14:32:20] [1] 0.3
INFO [2021-05-26 14:32:20] 
INFO [2021-05-26 14:32:20] $filename
INFO [2021-05-26 14:32:20] Venn_file
INFO [2021-05-26 14:32:20] 
INFO [2021-05-26 14:32:20] $margin
INFO [2021-05-26 14:32:20] [1] 0.05
INFO [2021-05-26 14:32:20] 
INFO [2021-05-26 14:32:20] $main
INFO [2021-05-26 14:32:20] Venn_title
INFO [2021-05-26 14:32:20] 
INFO [2021-05-26 14:32:20] $main.cex
INFO [2021-05-26 14:32:20] [1] 1.5
INFO [2021-05-26 14:32:20] 
INFO [2021-05-26 14:32:20] $main.fontface
INFO [2021-05-26 14:32:20] [1] "bold"
INFO [2021-05-26 14:32:20] 
INFO [2021-05-26 14:32:20] $main.fontfamily
INFO [2021-05-26 14:32:20] [1] "sans"
INFO [2021-05-26 14:32:20] 
INFO [2021-05-26 14:32:20] $main.pos
INFO [2021-05-26 14:32:20] c(0.5, 1.05)
INFO [2021-05-26 14:32:20] 
